#
# An unexpected error has occurred (11)
#
Stack:
/tools/Xilinx/Vivado/2020.2/tps/lnx64/jre11.0.2/lib//server/libjvm.so(+0xc04c3b) [0x7f51509eec3b]
/tools/Xilinx/Vivado/2020.2/tps/lnx64/jre11.0.2/lib//server/libjvm.so(JVM_handle_linux_signal+0x14e) [0x7f51509f38de]
/tools/Xilinx/Vivado/2020.2/tps/lnx64/jre11.0.2/lib//server/libjvm.so(+0xbfd538) [0x7f51509e7538]
/lib/x86_64-linux-gnu/libc.so.6(+0x46210) [0x7f51a6512210]
/tools/Xilinx/Vivado/2020.2/lib/lnx64.o/librdi_simbridge_kernel.so(SimBridge::CArray::empty() const+0) [0x7f515756ca00]
/tools/Xilinx/Vivado/2020.2/lib/lnx64.o/librdi_simbridge_kernel.so(SimBridge::WdbEventBlock::addBlock(SimBridge::WdbIBlockManager&, unsigned int&) const+0x1c) [0x7f515756d0dc]
/tools/Xilinx/Vivado/2020.2/lib/lnx64.o/librdi_simbridge_kernel.so(SimBridge::WdbMultipleBucketEventDatabase::getEventBlockDatabaseIterator(std::vector<SimBridge::WdbScalarBTree*, std::allocator<SimBridge::WdbScalarBTree*> > const&, std::vector<boost::shared_ptr<SimBridge::WdbIEventBlockIterator>, std::allocator<boost::shared_ptr<SimBridge::WdbIEventBlockIterator> > >&, std::vector<std::vector<SimBridge::WdbScalarBTree*, std::allocator<SimBridge::WdbScalarBTree*> >, std::allocator<std::vector<SimBridge::WdbScalarBTree*, std::allocator<SimBridge::WdbScalarBTree*> > > >&) const+0x691) [0x7f5157587071]
/tools/Xilinx/Vivado/2020.2/lib/lnx64.o/librdi_simbridge_kernel.so(SimBridge::WdbAddressBTreeManager::scanWdbDatabaseMultiThread(std::vector<SimBridge::WdbScalarBTree*, std::allocator<SimBridge::WdbScalarBTree*> > const&, ISIM::IGuiStatus*)+0xf0) [0x7f5157563ee0]
/tools/Xilinx/Vivado/2020.2/lib/lnx64.o/librdi_wavedata.so(SimBridge::DataObjMgr::createDrawingBTree(std::vector<SimBridge::IDataObj const*, std::allocator<SimBridge::IDataObj const*> > const&, ISIM::IGuiStatus*, bool)+0x32a) [0x7f51628ed58a]
/tools/Xilinx/Vivado/2020.2/lib/lnx64.o/librdi_wavedata.so(+0x2df6b2) [0x7f51629ac6b2]
/tools/Xilinx/Vivado/2020.2/lib/lnx64.o/librdi_wavedata.so(+0x2df95c) [0x7f51629ac95c]
/tools/Xilinx/Vivado/2020.2/lib/lnx64.o/librdi_wavedata.so(SG_Model::ModelImp::updateData(SG_Model::WVDataObject*, bool)+0x30f) [0x7f51629a690f]
/tools/Xilinx/Vivado/2020.2/lib/lnx64.o/librdi_wavedata.so(SG_Model::ModelImp::updateData(SG_Model::WVDataObject*, bool)+0x18f) [0x7f51629a678f]
/tools/Xilinx/Vivado/2020.2/lib/lnx64.o/librdi_wavedata.so(SG_Model::ModelImp::updateData()+0x96b) [0x7f51629a75fb]
/tools/Xilinx/Vivado/2020.2/lib/lnx64.o/librdi_wavedata.so(SG_Model::Model::read(std::__cxx11::basic_string<char, std::char_traits<char>, std::allocator<char> > const&, SG_Model::IReporter&, ISIM::IGuiStatus*)+0x20d) [0x7f51629a8d8d]
/tools/Xilinx/Vivado/2020.2/lib/lnx64.o/librdi_wavedata.so(WVDAppInterface::WVDWindowManager::openWcfg(std::__cxx11::basic_string<char, std::char_traits<char>, std::allocator<char> > const&, SG_Model::IDesignManager::ConnectMode, ISIM::IGuiStatus*)+0x143) [0x7f5162870e03]
/tools/Xilinx/Vivado/2020.2/lib/lnx64.o/librdi_wavedatatasks.so(+0xa2ad3) [0x7f5116ebead3]
/tools/Xilinx/Vivado/2020.2/lib/lnx64.o/librdi_common.so(+0x9cfb1d) [0x7f51a784eb1d]
/tools/Xilinx/Vivado/2020.2/lib/lnx64.o/libtcl8.5.so(+0x3356f) [0x7f51a1bf556f]
/tools/Xilinx/Vivado/2020.2/lib/lnx64.o/libtcl8.5.so(Tcl_EvalObjv+0x32) [0x7f51a1bf56a2]
/tools/Xilinx/Vivado/2020.2/lib/lnx64.o/libtcl8.5.so(TclEvalObjEx+0x322) [0x7f51a1bf74c2]
/tools/Xilinx/Vivado/2020.2/lib/lnx64.o/librdi_common.so(hdi::tcltasks::task_manager::eval_in_tcl(Tcl_Interp*, Tcl_Obj*, char const*, bool)+0xb59) [0x7f51a7850929]
/tools/Xilinx/Vivado/2020.2/lib/lnx64.o/librdi_simtcltasks.so(+0x13b056) [0x7f511731d056]
/tools/Xilinx/Vivado/2020.2/lib/lnx64.o/librdi_common.so(+0x9cfb1d) [0x7f51a784eb1d]
/tools/Xilinx/Vivado/2020.2/lib/lnx64.o/libtcl8.5.so(+0x3356f) [0x7f51a1bf556f]
/tools/Xilinx/Vivado/2020.2/lib/lnx64.o/libtcl8.5.so(+0x34bf8) [0x7f51a1bf6bf8]
/tools/Xilinx/Vivado/2020.2/lib/lnx64.o/libtcl8.5.so(Tcl_EvalEx+0x13) [0x7f51a1bf7163]
/tools/Xilinx/Vivado/2020.2/lib/lnx64.o/libtcl8.5.so(TclEvalObjEx+0x1e0) [0x7f51a1bf7380]
/tools/Xilinx/Vivado/2020.2/lib/lnx64.o/libtcl8.5.so(+0x3b445) [0x7f51a1bfd445]
/tools/Xilinx/Vivado/2020.2/lib/lnx64.o/libtcl8.5.so(+0x3356f) [0x7f51a1bf556f]
/tools/Xilinx/Vivado/2020.2/lib/lnx64.o/libtcl8.5.so(+0x76945) [0x7f51a1c38945]
/tools/Xilinx/Vivado/2020.2/lib/lnx64.o/libtcl8.5.so(+0x7e0f9) [0x7f51a1c400f9]
/tools/Xilinx/Vivado/2020.2/lib/lnx64.o/libtcl8.5.so(TclEvalObjEx+0x76) [0x7f51a1bf7216]
/tools/Xilinx/Vivado/2020.2/lib/lnx64.o/librdi_commontasks.so(+0x1dba74) [0x7f519a794a74]
/tools/Xilinx/Vivado/2020.2/lib/lnx64.o/libtcl8.5.so(+0x3356f) [0x7f51a1bf556f]
/tools/Xilinx/Vivado/2020.2/lib/lnx64.o/libtcl8.5.so(+0x76945) [0x7f51a1c38945]
/tools/Xilinx/Vivado/2020.2/lib/lnx64.o/libtcl8.5.so(TclObjInterpProcCore+0x420) [0x7f51a1c79ed0]
/tools/Xilinx/Vivado/2020.2/lib/lnx64.o/libtcl8.5.so(+0x3356f) [0x7f51a1bf556f]
/tools/Xilinx/Vivado/2020.2/lib/lnx64.o/libtcl8.5.so(Tcl_EvalObjv+0x32) [0x7f51a1bf56a2]
/tools/Xilinx/Vivado/2020.2/lib/lnx64.o/libtcl8.5.so(TclEvalObjEx+0x322) [0x7f51a1bf74c2]
/tools/Xilinx/Vivado/2020.2/lib/lnx64.o/librdi_tcltasks.so(SimUtils::detail::execStep(Tcl_Interp*, std::__cxx11::basic_ostringstream<char, std::char_traits<char>, std::allocator<char> >&, std::__cxx11::basic_string<char, std::char_traits<char>, std::allocator<char> > const&, std::__cxx11::basic_string<char, std::char_traits<char>, std::allocator<char> > const&, std::__cxx11::basic_string<char, std::char_traits<char>, std::allocator<char> >&, bool&)+0x1ee) [0x7f51984d01fe]
/tools/Xilinx/Vivado/2020.2/lib/lnx64.o/librdi_tcltasks.so(SimUtils::detail::execSimStep(Tcl_Interp*, std::__cxx11::basic_ostringstream<char, std::char_traits<char>, std::allocator<char> >&, HAPUFSimulator*, HAPUFSimulator::TclProc, std::__cxx11::basic_string<char, std::char_traits<char>, std::allocator<char> > const&, bool, HADAFileSet*, std::__cxx11::basic_string<char, std::char_traits<char>, std::allocator<char> > const&, HAPUFSimulator::SimulationStep, bool, HDGUIStatus*)+0x75) [0x7f51984d0435]
/tools/Xilinx/Vivado/2020.2/lib/lnx64.o/librdi_tcltasks.so(HTCSimUtils::executeStep(Tcl_Interp*, HADAFileSet*, HADAFileSet*, HAPUFSimulator*, HDGUIStatus*, std::__cxx11::basic_string<char, std::char_traits<char>, std::allocator<char> > const&, std::__cxx11::basic_string<char, std::char_traits<char>, std::allocator<char> > const&, std::__cxx11::basic_string<char, std::char_traits<char>, std::allocator<char> > const&, bool, bool, bool, std::__cxx11::basic_ostringstream<char, std::char_traits<char>, std::allocator<char> >&)+0x4b7) [0x7f51984d0a97]
/tools/Xilinx/Vivado/2020.2/lib/lnx64.o/librdi_tcltasks.so(+0x1927eec) [0x7f5198476eec]
/tools/Xilinx/Vivado/2020.2/lib/lnx64.o/librdi_common.so(+0x9cfb1d) [0x7f51a784eb1d]
/tools/Xilinx/Vivado/2020.2/lib/lnx64.o/libtcl8.5.so(+0x3356f) [0x7f51a1bf556f]
/tools/Xilinx/Vivado/2020.2/lib/lnx64.o/libtcl8.5.so(+0x76945) [0x7f51a1c38945]
/tools/Xilinx/Vivado/2020.2/lib/lnx64.o/libtcl8.5.so(+0x7e0f9) [0x7f51a1c400f9]
/tools/Xilinx/Vivado/2020.2/lib/lnx64.o/libtcl8.5.so(TclEvalObjEx+0x76) [0x7f51a1bf7216]
/tools/Xilinx/Vivado/2020.2/lib/lnx64.o/librdi_common.so(+0x9ce041) [0x7f51a784d041]
/tools/Xilinx/Vivado/2020.2/lib/lnx64.o/libtcl8.5.so(Tcl_ServiceEvent+0x7f) [0x7f51a1c69bef]
/tools/Xilinx/Vivado/2020.2/lib/lnx64.o/libtcl8.5.so(Tcl_DoOneEvent+0x154) [0x7f51a1c69f24]
/tools/Xilinx/Vivado/2020.2/lib/lnx64.o/librdi_commontasks.so(+0x23caa5) [0x7f519a7f5aa5]
/tools/Xilinx/Vivado/2020.2/lib/lnx64.o/librdi_commontasks.so(+0x23fbb5) [0x7f519a7f8bb5]
/tools/Xilinx/Vivado/2020.2/lib/lnx64.o/librdi_commontasks.so(+0x240bde) [0x7f519a7f9bde]
/tools/Xilinx/Vivado/2020.2/lib/lnx64.o/librdi_common.so(+0x9cfb1d) [0x7f51a784eb1d]
/tools/Xilinx/Vivado/2020.2/lib/lnx64.o/libtcl8.5.so(+0x3356f) [0x7f51a1bf556f]
/tools/Xilinx/Vivado/2020.2/lib/lnx64.o/libtcl8.5.so(+0x76945) [0x7f51a1c38945]
/tools/Xilinx/Vivado/2020.2/lib/lnx64.o/libtcl8.5.so(+0x7e0f9) [0x7f51a1c400f9]
/tools/Xilinx/Vivado/2020.2/lib/lnx64.o/libtcl8.5.so(TclEvalObjEx+0x76) [0x7f51a1bf7216]
/tools/Xilinx/Vivado/2020.2/lib/lnx64.o/librdi_commonmain.so(+0xad53) [0x7f51a6c77d53]
/tools/Xilinx/Vivado/2020.2/lib/lnx64.o/libtcl8.5.so(Tcl_Main+0x1d0) [0x7f51a1c622f0]
/tools/Xilinx/Vivado/2020.2/lib/lnx64.o/librdi_common.so(+0xa1442b) [0x7f51a789342b]
/lib/x86_64-linux-gnu/libpthread.so.0(+0x9609) [0x7f51a64b2609]
/lib/x86_64-linux-gnu/libc.so.6(clone+0x43) [0x7f51a65ee293]
